INFO:logger:
---------------------------------------------------------------
API v1.0 online: http://localhost:8080/dbproj/


INFO:werkzeug:[31m[1mWARNING: This is a development server. Do not use it in a production deployment. Use a production WSGI server instead.[0m
 * Running on http://localhost:8080
INFO:werkzeug:[33mPress CTRL+C to quit[0m
INFO:werkzeug: * Restarting with stat
INFO:logger:
---------------------------------------------------------------
API v1.0 online: http://localhost:8080/dbproj/


WARNING:werkzeug: * Debugger is active!
INFO:werkzeug: * Debugger PIN: 133-639-385
INFO:werkzeug:127.0.0.1 - - [08/Jun/2023 18:18:50] "[33mGET /dbproj/ HTTP/1.1[0m" 404 -
INFO:werkzeug:127.0.0.1 - - [08/Jun/2023 18:19:04] "GET / HTTP/1.1" 200 -
INFO:werkzeug: * Detected change in 'c:\\Users\\marsg\\OneDrive\\Ambiente de Trabalho\\BD\\DB_Project\\app.py', reloading
INFO:werkzeug: * Restarting with stat
INFO:logger:
---------------------------------------------------------------
API v1.0 online: http://localhost:8080/dbproj/


INFO:logger:
---------------------------------------------------------------
API v1.0 online: http://localhost:8080/dbproj/


INFO:logger:
---------------------------------------------------------------
API v1.0 online: http://localhost:5000/dbproj/


INFO:logger:
---------------------------------------------------------------
API v1.0 online: http://localhost:5000/dbproj/


INFO:logger:
---------------------------------------------------------------
API v1.0 online: http://localhost:5000/dbproj/


INFO:werkzeug:[31m[1mWARNING: This is a development server. Do not use it in a production deployment. Use a production WSGI server instead.[0m
 * Running on http://localhost:5000
INFO:werkzeug:[33mPress CTRL+C to quit[0m
INFO:werkzeug: * Restarting with stat
INFO:logger:
---------------------------------------------------------------
API v1.0 online: http://localhost:5000/dbproj/


WARNING:werkzeug: * Debugger is active!
INFO:werkzeug: * Debugger PIN: 133-639-385
INFO:werkzeug:127.0.0.1 - - [08/Jun/2023 18:24:47] "[33mGET /dbproj/ HTTP/1.1[0m" 404 -
INFO:werkzeug:127.0.0.1 - - [08/Jun/2023 18:24:52] "GET / HTTP/1.1" 200 -
INFO:werkzeug: * Detected change in 'c:\\Users\\marsg\\OneDrive\\Ambiente de Trabalho\\BD\\DB_Project\\app.py', reloading
INFO:werkzeug: * Restarting with stat
INFO:logger:
---------------------------------------------------------------
API v1.0 online: http://localhost:5000/dbproj/


WARNING:werkzeug: * Debugger is active!
INFO:werkzeug: * Debugger PIN: 133-639-385
INFO:logger:
---------------------------------------------------------------
API v1.0 online: http://localhost:5000/dbproj/


INFO:werkzeug:[31m[1mWARNING: This is a development server. Do not use it in a production deployment. Use a production WSGI server instead.[0m
 * Running on http://localhost:5000
INFO:werkzeug:[33mPress CTRL+C to quit[0m
INFO:werkzeug: * Restarting with stat
INFO:logger:
---------------------------------------------------------------
API v1.0 online: http://localhost:5000/dbproj/


WARNING:werkzeug: * Debugger is active!
INFO:werkzeug: * Debugger PIN: 133-639-385
INFO:werkzeug:127.0.0.1 - - [08/Jun/2023 18:30:13] "GET /dbproj/ HTTP/1.1" 200 -
INFO:werkzeug: * Detected change in 'c:\\Users\\marsg\\OneDrive\\Ambiente de Trabalho\\BD\\DB_Project\\app.py', reloading
INFO:werkzeug: * Restarting with stat
INFO:logger:
---------------------------------------------------------------
API v1.0 online: http://localhost:5000/dbproj/


INFO:werkzeug:[31m[1mWARNING: This is a development server. Do not use it in a production deployment. Use a production WSGI server instead.[0m
 * Running on http://localhost:5000
INFO:werkzeug:[33mPress CTRL+C to quit[0m
INFO:werkzeug: * Restarting with stat
INFO:logger:
---------------------------------------------------------------
API v1.0 online: http://localhost:5000/dbproj/


WARNING:werkzeug: * Debugger is active!
INFO:werkzeug: * Debugger PIN: 133-639-385
INFO:werkzeug: * Detected change in 'c:\\Users\\marsg\\OneDrive\\Ambiente de Trabalho\\BD\\DB_Project\\app.py', reloading
INFO:werkzeug: * Restarting with stat
INFO:logger:
---------------------------------------------------------------
API v1.0 online: http://localhost:5000/dbproj/


WARNING:werkzeug: * Debugger is active!
INFO:werkzeug: * Debugger PIN: 133-639-385
INFO:logger:
---------------------------------------------------------------
API v1.0 online: http://localhost:5000/dbproj/


INFO:werkzeug:[31m[1mWARNING: This is a development server. Do not use it in a production deployment. Use a production WSGI server instead.[0m
 * Running on http://localhost:5000
INFO:werkzeug:[33mPress CTRL+C to quit[0m
INFO:werkzeug: * Restarting with stat
INFO:logger:
---------------------------------------------------------------
API v1.0 online: http://localhost:5000/dbproj/


WARNING:werkzeug: * Debugger is active!
INFO:werkzeug: * Debugger PIN: 133-639-385
INFO:werkzeug: * Detected change in 'c:\\Users\\marsg\\OneDrive\\Ambiente de Trabalho\\BD\\DB_Project\\app.py', reloading
INFO:werkzeug: * Restarting with stat
INFO:logger:
---------------------------------------------------------------
API v1.0 online: http://localhost:5000/dbproj/


WARNING:werkzeug: * Debugger is active!
INFO:werkzeug: * Debugger PIN: 133-639-385
INFO:logger:
---------------------------------------------------------------
API v1.0 online: http://localhost:5000/dbproj/


INFO:werkzeug:[31m[1mWARNING: This is a development server. Do not use it in a production deployment. Use a production WSGI server instead.[0m
 * Running on http://localhost:5000
INFO:werkzeug:[33mPress CTRL+C to quit[0m
INFO:werkzeug: * Restarting with stat
INFO:logger:
---------------------------------------------------------------
API v1.0 online: http://localhost:5000/dbproj/


WARNING:werkzeug: * Debugger is active!
INFO:werkzeug: * Debugger PIN: 133-639-385
INFO:logger:###              DEMO: POST /consumer              ###
INFO:werkzeug:127.0.0.1 - - [08/Jun/2023 19:24:57] "[31m[1mPOST /dbproj/consumer HTTP/1.1[0m" 415 -
INFO:werkzeug:127.0.0.1 - - [08/Jun/2023 19:25:19] "[31m[1mPOST /dbproj/ HTTP/1.1[0m" 405 -
INFO:logger:###              DEMO: POST /consumer              ###
INFO:werkzeug:127.0.0.1 - - [08/Jun/2023 19:25:50] "[31m[1mPOST /dbproj/consumer HTTP/1.1[0m" 415 -
INFO:logger:###              DEMO: POST /consumer              ###
INFO:werkzeug:127.0.0.1 - - [08/Jun/2023 19:29:22] "[31m[1mPOST /dbproj/consumer HTTP/1.1[0m" 415 -
INFO:logger:###              DEMO: POST /consumer              ###
INFO:werkzeug:127.0.0.1 - - [08/Jun/2023 19:29:53] "[31m[1mPOST /dbproj/consumer HTTP/1.1[0m" 415 -
INFO:logger:###              DEMO: POST /consumer              ###
INFO:logger:---- new consumer registered  ----
DEBUG:logger:payload: {'username': 'marcelo', 'password': '123', 'email': 'aaa', 'name': 'Marcelo Gomes', 'birthdate': '22/06/2003'}
INFO:werkzeug:127.0.0.1 - - [08/Jun/2023 19:34:19] "[35m[1mPOST /dbproj/consumer HTTP/1.1[0m" 500 -
INFO:werkzeug: * Detected change in 'c:\\Users\\marsg\\OneDrive\\Ambiente de Trabalho\\BD\\DB_Project\\app.py', reloading
INFO:werkzeug: * Restarting with stat
INFO:logger:
---------------------------------------------------------------
API v1.0 online: http://localhost:5000/dbproj/


INFO:werkzeug:[31m[1mWARNING: This is a development server. Do not use it in a production deployment. Use a production WSGI server instead.[0m
 * Running on http://localhost:5000
INFO:werkzeug:[33mPress CTRL+C to quit[0m
INFO:werkzeug: * Restarting with stat
INFO:logger:
---------------------------------------------------------------
API v1.0 online: http://localhost:5000/dbproj/


WARNING:werkzeug: * Debugger is active!
INFO:werkzeug: * Debugger PIN: 133-639-385
INFO:logger:###              DEMO: POST /consumer              ###
DEBUG:logger:payload: {'username': 'marcelo', 'password': '123', 'email': 'aaa', 'name': 'Marcelo Gomes', 'birthdate': '22/06/2003'}
ERROR:logger:unterminated quoted identifier at or near ""VALUES ('marcelo', '123', 'aaa', 'Marcelo Gomes', '22/06/2003')"
LINE 2:                        "VALUES ('marcelo', '123', 'aaa', 'Ma...
                               ^

INFO:werkzeug:127.0.0.1 - - [08/Jun/2023 19:43:27] "POST /dbproj/consumer HTTP/1.1" 200 -
INFO:werkzeug: * Detected change in 'c:\\Users\\marsg\\OneDrive\\Ambiente de Trabalho\\BD\\DB_Project\\app.py', reloading
INFO:werkzeug: * Restarting with stat
INFO:logger:
---------------------------------------------------------------
API v1.0 online: http://localhost:5000/dbproj/


WARNING:werkzeug: * Debugger is active!
INFO:werkzeug: * Debugger PIN: 133-639-385
INFO:logger:###              DEMO: POST /consumer              ###
DEBUG:logger:payload: {'username': 'marcelo', 'password': '123', 'email': 'aaa', 'name': 'Marcelo Gomes', 'birthdate': '22/06/2003'}
ERROR:logger:null value in column "subscription_transactions_subs_id" of relation "consumer" violates not-null constraint
DETAIL:  Failing row contains (null, 1, marcelo, aaa, 123, Marcelo Gomes, 2003-06-22).

INFO:werkzeug:127.0.0.1 - - [08/Jun/2023 19:45:12] "POST /dbproj/consumer HTTP/1.1" 200 -
INFO:logger:
---------------------------------------------------------------
API v1.0 online: http://localhost:5000/dbproj/


INFO:werkzeug:[31m[1mWARNING: This is a development server. Do not use it in a production deployment. Use a production WSGI server instead.[0m
 * Running on http://localhost:5000
INFO:werkzeug:[33mPress CTRL+C to quit[0m
INFO:werkzeug: * Restarting with stat
INFO:logger:
---------------------------------------------------------------
API v1.0 online: http://localhost:5000/dbproj/


WARNING:werkzeug: * Debugger is active!
INFO:werkzeug: * Debugger PIN: 133-639-385
INFO:logger:###              DEMO: POST /consumer              ###
DEBUG:logger:payload: {'username': 'marcelo', 'password': '123', 'email': 'aaa', 'name': 'Marcelo Gomes', 'birthdate': '22/06/2003'}
INFO:logger:---- new consumer registered  ----
INFO:werkzeug:127.0.0.1 - - [08/Jun/2023 20:12:02] "POST /dbproj/consumer HTTP/1.1" 200 -
INFO:app:
---------------------------------------------------------------
API v1.0 online: http://localhost:5000/dbproj/


INFO:werkzeug:[31m[1mWARNING: This is a development server. Do not use it in a production deployment. Use a production WSGI server instead.[0m
 * Running on http://localhost:5000
INFO:werkzeug:[33mPress CTRL+C to quit[0m
INFO:werkzeug: * Restarting with stat
INFO:app:
---------------------------------------------------------------
API v1.0 online: http://localhost:5000/dbproj/


WARNING:werkzeug: * Debugger is active!
INFO:werkzeug: * Debugger PIN: 133-639-385
INFO:app:###              DEMO: POST /consumer              ###
DEBUG:app:payload: {'username': 'anibal', 'password': '123', 'email': 'aaa', 'name': 'Anibal', 'birthdate': '22/06/2003'}
INFO:app:---- new consumer registered  ----
INFO:werkzeug:127.0.0.1 - - [08/Jun/2023 20:23:45] "POST /dbproj/consumer HTTP/1.1" 200 -
INFO:app:
---------------------------------------------------------------
API v1.0 online: http://localhost:5000/dbproj/


INFO:werkzeug:[31m[1mWARNING: This is a development server. Do not use it in a production deployment. Use a production WSGI server instead.[0m
 * Running on http://localhost:5000
INFO:werkzeug:[33mPress CTRL+C to quit[0m
INFO:werkzeug: * Restarting with stat
INFO:app:
---------------------------------------------------------------
API v1.0 online: http://localhost:5000/dbproj/


WARNING:werkzeug: * Debugger is active!
INFO:werkzeug: * Debugger PIN: 133-639-385
INFO:app:###              DEMO: POST /login              ###
INFO:werkzeug:127.0.0.1 - - [09/Jun/2023 16:51:03] "[31m[1mPOST /dbproj/login HTTP/1.1[0m" 400 -
INFO:app:###              DEMO: POST /login              ###
DEBUG:app:payload: {'username': 'marcelo', 'password': '123'}
INFO:werkzeug:127.0.0.1 - - [09/Jun/2023 16:51:13] "[35m[1mPOST /dbproj/login HTTP/1.1[0m" 500 -
INFO:app:
---------------------------------------------------------------
API v1.0 online: http://localhost:5000/dbproj/


INFO:werkzeug:[31m[1mWARNING: This is a development server. Do not use it in a production deployment. Use a production WSGI server instead.[0m
 * Running on http://localhost:5000
INFO:werkzeug:[33mPress CTRL+C to quit[0m
INFO:werkzeug: * Restarting with stat
INFO:app:
---------------------------------------------------------------
API v1.0 online: http://localhost:5000/dbproj/


WARNING:werkzeug: * Debugger is active!
INFO:werkzeug: * Debugger PIN: 133-639-385
INFO:app:###              DEMO: POST /login              ###
DEBUG:app:payload: {'username': 'marcelo', 'password': '123'}
INFO:app:---- logged in  ----
INFO:werkzeug:127.0.0.1 - - [09/Jun/2023 16:53:47] "POST /dbproj/login HTTP/1.1" 200 -
INFO:app:
---------------------------------------------------------------
API v1.0 online: http://localhost:5000/dbproj/


INFO:werkzeug:[31m[1mWARNING: This is a development server. Do not use it in a production deployment. Use a production WSGI server instead.[0m
 * Running on http://localhost:5000
INFO:werkzeug:[33mPress CTRL+C to quit[0m
INFO:werkzeug: * Restarting with stat
INFO:app:
---------------------------------------------------------------
API v1.0 online: http://localhost:5000/dbproj/


WARNING:werkzeug: * Debugger is active!
INFO:werkzeug: * Debugger PIN: 133-639-385
INFO:app:###              DEMO: POST /login              ###
DEBUG:app:payload: {'username': 'marcelo', 'password': '123'}
INFO:app:---- consumer logged in  ----
INFO:werkzeug:127.0.0.1 - - [09/Jun/2023 16:56:32] "POST /dbproj/login HTTP/1.1" 200 -
INFO:app:###              DEMO: POST /login              ###
DEBUG:app:payload: {'username': 'marcelo', 'password': '12'}
INFO:werkzeug:127.0.0.1 - - [09/Jun/2023 16:56:40] "POST /dbproj/login HTTP/1.1" 200 -
INFO:app:###              DEMO: POST /login              ###
DEBUG:app:payload: {'username': 'marcel', 'password': '123'}
INFO:werkzeug:127.0.0.1 - - [09/Jun/2023 16:56:48] "[35m[1mPOST /dbproj/login HTTP/1.1[0m" 500 -
INFO:werkzeug: * Detected change in 'c:\\Users\\marsg\\OneDrive\\Ambiente de Trabalho\\BD\\DB_Project\\app.py', reloading
INFO:werkzeug: * Restarting with stat
INFO:app:
---------------------------------------------------------------
API v1.0 online: http://localhost:5000/dbproj/


WARNING:werkzeug: * Debugger is active!
INFO:werkzeug: * Debugger PIN: 133-639-385
INFO:werkzeug: * Detected change in 'c:\\Users\\marsg\\OneDrive\\Ambiente de Trabalho\\BD\\DB_Project\\app.py', reloading
INFO:werkzeug: * Restarting with stat
INFO:app:
---------------------------------------------------------------
API v1.0 online: http://localhost:5000/dbproj/


WARNING:werkzeug: * Debugger is active!
INFO:werkzeug: * Debugger PIN: 133-639-385
INFO:werkzeug: * Detected change in 'c:\\Users\\marsg\\OneDrive\\Ambiente de Trabalho\\BD\\DB_Project\\app.py', reloading
INFO:werkzeug: * Restarting with stat
INFO:app:
---------------------------------------------------------------
API v1.0 online: http://localhost:5000/dbproj/


WARNING:werkzeug: * Debugger is active!
INFO:werkzeug: * Debugger PIN: 133-639-385
INFO:werkzeug: * Detected change in 'c:\\Users\\marsg\\OneDrive\\Ambiente de Trabalho\\BD\\DB_Project\\app.py', reloading
INFO:werkzeug: * Restarting with stat
INFO:app:
---------------------------------------------------------------
API v1.0 online: http://localhost:5000/dbproj/


WARNING:werkzeug: * Debugger is active!
INFO:werkzeug: * Debugger PIN: 133-639-385
INFO:werkzeug: * Detected change in 'c:\\Users\\marsg\\OneDrive\\Ambiente de Trabalho\\BD\\DB_Project\\app.py', reloading
INFO:werkzeug: * Restarting with stat
INFO:app:
---------------------------------------------------------------
API v1.0 online: http://localhost:5000/dbproj/


WARNING:werkzeug: * Debugger is active!
INFO:werkzeug: * Debugger PIN: 133-639-385
INFO:werkzeug: * Detected change in 'c:\\Users\\marsg\\OneDrive\\Ambiente de Trabalho\\BD\\DB_Project\\app.py', reloading
INFO:werkzeug: * Restarting with stat
INFO:app:
---------------------------------------------------------------
API v1.0 online: http://localhost:5000/dbproj/


WARNING:werkzeug: * Debugger is active!
INFO:werkzeug: * Debugger PIN: 133-639-385
INFO:app:
---------------------------------------------------------------
API v1.0 online: http://localhost:5000/dbproj/


INFO:werkzeug:[31m[1mWARNING: This is a development server. Do not use it in a production deployment. Use a production WSGI server instead.[0m
 * Running on http://localhost:5000
INFO:werkzeug:[33mPress CTRL+C to quit[0m
INFO:werkzeug: * Restarting with stat
INFO:app:
---------------------------------------------------------------
API v1.0 online: http://localhost:5000/dbproj/


WARNING:werkzeug: * Debugger is active!
INFO:werkzeug: * Debugger PIN: 133-639-385
INFO:app:###              DEMO: POST /login              ###
DEBUG:app:payload: {'username': 'marcel', 'password': '123'}
INFO:werkzeug:127.0.0.1 - - [09/Jun/2023 17:06:41] "POST /dbproj/login HTTP/1.1" 200 -
INFO:app:
---------------------------------------------------------------
API v1.0 online: http://localhost:5000/dbproj/


INFO:werkzeug:[31m[1mWARNING: This is a development server. Do not use it in a production deployment. Use a production WSGI server instead.[0m
 * Running on http://localhost:5000
INFO:werkzeug:[33mPress CTRL+C to quit[0m
INFO:werkzeug: * Restarting with stat
INFO:app:
---------------------------------------------------------------
API v1.0 online: http://localhost:5000/dbproj/


WARNING:werkzeug: * Debugger is active!
INFO:werkzeug: * Debugger PIN: 133-639-385
INFO:app:###              DEMO: POST /login              ###
DEBUG:app:payload: {'username': 'marcelo', 'password': '123'}
INFO:app:---- consumer logged in  ----
INFO:werkzeug:127.0.0.1 - - [09/Jun/2023 17:08:33] "POST /dbproj/login HTTP/1.1" 200 -
INFO:app:
---------------------------------------------------------------
API v1.0 online: http://localhost:5000/dbproj/


INFO:werkzeug:[31m[1mWARNING: This is a development server. Do not use it in a production deployment. Use a production WSGI server instead.[0m
 * Running on http://localhost:5000
INFO:werkzeug:[33mPress CTRL+C to quit[0m
INFO:werkzeug: * Restarting with stat
INFO:app:
---------------------------------------------------------------
API v1.0 online: http://localhost:5000/dbproj/


WARNING:werkzeug: * Debugger is active!
INFO:werkzeug: * Debugger PIN: 133-639-385
INFO:app:###              DEMO: POST /login              ###
DEBUG:app:payload: {'username': 'marcelo', 'password': '123'}
INFO:app:---- consumer logged in  ----
INFO:werkzeug:127.0.0.1 - - [09/Jun/2023 17:15:47] "POST /dbproj/login HTTP/1.1" 200 -
INFO:app:
---------------------------------------------------------------
API v1.0 online: http://localhost:5000/dbproj/


INFO:werkzeug:[31m[1mWARNING: This is a development server. Do not use it in a production deployment. Use a production WSGI server instead.[0m
 * Running on http://localhost:5000
INFO:werkzeug:[33mPress CTRL+C to quit[0m
INFO:werkzeug: * Restarting with stat
INFO:app:
---------------------------------------------------------------
API v1.0 online: http://localhost:5000/dbproj/


WARNING:werkzeug: * Debugger is active!
INFO:werkzeug: * Debugger PIN: 133-639-385
INFO:app:###              DEMO: POST /register              ###
DEBUG:app:payload: {'username': 'anibal', 'password': '123', 'email': 'aaa', 'name': 'Anibal', 'birthdate': '22/06/2003'}
INFO:werkzeug:127.0.0.1 - - [09/Jun/2023 17:22:20] "POST /dbproj/register HTTP/1.1" 200 -
INFO:app:
---------------------------------------------------------------
API v1.0 online: http://localhost:5000/dbproj/


INFO:werkzeug:[31m[1mWARNING: This is a development server. Do not use it in a production deployment. Use a production WSGI server instead.[0m
 * Running on http://localhost:5000
INFO:werkzeug:[33mPress CTRL+C to quit[0m
INFO:werkzeug: * Restarting with stat
INFO:app:
---------------------------------------------------------------
API v1.0 online: http://localhost:5000/dbproj/


WARNING:werkzeug: * Debugger is active!
INFO:werkzeug: * Debugger PIN: 133-639-385
INFO:app:###              DEMO: POST /register              ###
DEBUG:app:payload: {'username': 'anibal', 'password': '123', 'email': 'aaa', 'name': 'Anibal', 'birthdate': '22/06/2003'}
INFO:werkzeug:127.0.0.1 - - [09/Jun/2023 17:38:23] "POST /dbproj/register HTTP/1.1" 200 -
INFO:app:
---------------------------------------------------------------
API v1.0 online: http://localhost:5000/dbproj/


INFO:werkzeug:[31m[1mWARNING: This is a development server. Do not use it in a production deployment. Use a production WSGI server instead.[0m
 * Running on http://localhost:5000
INFO:werkzeug:[33mPress CTRL+C to quit[0m
INFO:werkzeug: * Restarting with stat
INFO:app:
---------------------------------------------------------------
API v1.0 online: http://localhost:5000/dbproj/


WARNING:werkzeug: * Debugger is active!
INFO:werkzeug: * Debugger PIN: 133-639-385
INFO:app:###              DEMO: POST /register              ###
DEBUG:app:payload: {'username': 'anibal', 'password': '123', 'email': 'aaa', 'name': 'Anibal', 'birthdate': '22/06/2003'}
INFO:werkzeug:127.0.0.1 - - [09/Jun/2023 18:35:47] "[35m[1mPOST /dbproj/register HTTP/1.1[0m" 500 -
INFO:app:
---------------------------------------------------------------
API v1.0 online: http://localhost:5000/dbproj/


INFO:werkzeug:[31m[1mWARNING: This is a development server. Do not use it in a production deployment. Use a production WSGI server instead.[0m
 * Running on http://localhost:5000
INFO:werkzeug:[33mPress CTRL+C to quit[0m
INFO:werkzeug: * Restarting with stat
INFO:app:
---------------------------------------------------------------
API v1.0 online: http://localhost:5000/dbproj/


WARNING:werkzeug: * Debugger is active!
INFO:werkzeug: * Debugger PIN: 133-639-385
INFO:app:###              DEMO: POST /register              ###
DEBUG:app:payload: {'username': 'anibal', 'password': '123', 'email': 'aaa', 'name': 'Anibal', 'birthdate': '22/06/2003'}
INFO:app:---- new consumer registered  ----
INFO:werkzeug:127.0.0.1 - - [09/Jun/2023 18:36:58] "POST /dbproj/register HTTP/1.1" 200 -
INFO:app:###              DEMO: POST /login              ###
DEBUG:app:payload: {'username': 'anibal', 'password': '123'}
INFO:app:---- consumer logged in  ----
INFO:werkzeug:127.0.0.1 - - [09/Jun/2023 18:39:49] "POST /dbproj/login HTTP/1.1" 200 -
INFO:app:###              DEMO: POST /register              ###
DEBUG:app:payload: {'username': 'anibal', 'password': '123', 'email': 'aaa', 'name': 'Anibal', 'birthdate': '22/06/2003'}
INFO:werkzeug:127.0.0.1 - - [09/Jun/2023 18:39:55] "POST /dbproj/register HTTP/1.1" 200 -
INFO:werkzeug: * Detected change in 'c:\\Users\\marsg\\OneDrive\\Ambiente de Trabalho\\BD\\DB_Project\\app.py', reloading
INFO:werkzeug: * Restarting with stat
INFO:app:
---------------------------------------------------------------
API v1.0 online: http://localhost:5000/dbproj/


WARNING:werkzeug: * Debugger is active!
INFO:werkzeug: * Debugger PIN: 133-639-385
INFO:werkzeug: * Detected change in 'c:\\Users\\marsg\\OneDrive\\Ambiente de Trabalho\\BD\\DB_Project\\app.py', reloading
INFO:werkzeug: * Restarting with stat
INFO:app:
---------------------------------------------------------------
API v1.0 online: http://localhost:5000/dbproj/


WARNING:werkzeug: * Debugger is active!
INFO:werkzeug: * Debugger PIN: 133-639-385
INFO:werkzeug: * Detected change in 'c:\\Users\\marsg\\OneDrive\\Ambiente de Trabalho\\BD\\DB_Project\\app.py', reloading
INFO:werkzeug: * Restarting with stat
INFO:app:
---------------------------------------------------------------
API v1.0 online: http://localhost:5000/dbproj/


WARNING:werkzeug: * Debugger is active!
INFO:werkzeug: * Debugger PIN: 133-639-385
INFO:app:###              DEMO: POST /register              ###
DEBUG:app:payload: {'username': 'rui', 'password': '123', 'email': 'aaa', 'name': 'rui', 'birthdate': '22/06/2003'}
INFO:app:---- new consumer registered  ----
INFO:werkzeug:127.0.0.1 - - [09/Jun/2023 18:43:46] "POST /dbproj/register HTTP/1.1" 200 -
INFO:app:
---------------------------------------------------------------
API v1.0 online: http://localhost:5000/dbproj/


INFO:werkzeug:[31m[1mWARNING: This is a development server. Do not use it in a production deployment. Use a production WSGI server instead.[0m
 * Running on http://localhost:5000
INFO:werkzeug:[33mPress CTRL+C to quit[0m
INFO:werkzeug: * Restarting with stat
INFO:app:
---------------------------------------------------------------
API v1.0 online: http://localhost:5000/dbproj/


WARNING:werkzeug: * Debugger is active!
INFO:werkzeug: * Debugger PIN: 133-639-385
INFO:app:###              DEMO: POST /login              ###
DEBUG:app:payload: {'username': 'marcelo 123', 'password': '123'}
INFO:werkzeug:127.0.0.1 - - [09/Jun/2023 18:49:16] "POST /dbproj/login HTTP/1.1" 200 -
INFO:app:###              DEMO: POST /login              ###
DEBUG:app:payload: {'username': 'anibal 123', 'password': '123'}
INFO:werkzeug:127.0.0.1 - - [09/Jun/2023 18:49:41] "POST /dbproj/login HTTP/1.1" 200 -
INFO:app:###              DEMO: POST /login              ###
DEBUG:app:payload: {'username': 'anibal 123', 'password': '123'}
INFO:werkzeug:127.0.0.1 - - [09/Jun/2023 18:49:44] "POST /dbproj/login HTTP/1.1" 200 -
INFO:app:###              DEMO: POST /login              ###
DEBUG:app:payload: {'username': 'marcelo', 'password': '123'}
INFO:app:---- administrator logged in  ----
INFO:werkzeug:127.0.0.1 - - [09/Jun/2023 18:50:40] "POST /dbproj/login HTTP/1.1" 200 -
INFO:app:###              DEMO: POST /login              ###
DEBUG:app:payload: {'username': 'marcel', 'password': '123'}
INFO:werkzeug:127.0.0.1 - - [09/Jun/2023 18:50:45] "POST /dbproj/login HTTP/1.1" 200 -
INFO:app:###              DEMO: POST /login              ###
DEBUG:app:payload: {'username': 'marcelo', 'password': '12'}
INFO:werkzeug:127.0.0.1 - - [09/Jun/2023 18:50:53] "POST /dbproj/login HTTP/1.1" 200 -
INFO:app:
---------------------------------------------------------------
API v1.0 online: http://localhost:5000/dbproj/


INFO:werkzeug:[31m[1mWARNING: This is a development server. Do not use it in a production deployment. Use a production WSGI server instead.[0m
 * Running on http://localhost:5000
INFO:werkzeug:[33mPress CTRL+C to quit[0m
INFO:werkzeug: * Restarting with stat
INFO:app:
---------------------------------------------------------------
API v1.0 online: http://localhost:5000/dbproj/


WARNING:werkzeug: * Debugger is active!
INFO:werkzeug: * Debugger PIN: 133-639-385
INFO:app:
---------------------------------------------------------------
API v1.0 online: http://localhost:5000/dbproj/


INFO:werkzeug:[31m[1mWARNING: This is a development server. Do not use it in a production deployment. Use a production WSGI server instead.[0m
 * Running on http://localhost:5000
INFO:werkzeug:[33mPress CTRL+C to quit[0m
INFO:werkzeug: * Restarting with stat
INFO:app:
---------------------------------------------------------------
API v1.0 online: http://localhost:5000/dbproj/


WARNING:werkzeug: * Debugger is active!
INFO:werkzeug: * Debugger PIN: 133-639-385
INFO:werkzeug:127.0.0.1 - - [10/Jun/2023 12:58:48] "POST /dbproj/add_artist HTTP/1.1" 200 -
INFO:app:###              DEMO: POST /login              ###
DEBUG:app:payload: {'username': 'marcelo', 'password': '123'}
INFO:werkzeug:127.0.0.1 - - [10/Jun/2023 12:58:55] "POST /dbproj/login HTTP/1.1" 200 -
INFO:app:###              DEMO: POST /login              ###
DEBUG:app:payload: {'username': 'mars', 'password': '123'}
INFO:app:---- administrator logged in  ----
INFO:werkzeug:127.0.0.1 - - [10/Jun/2023 12:59:13] "POST /dbproj/login HTTP/1.1" 200 -
INFO:werkzeug:127.0.0.1 - - [10/Jun/2023 12:59:17] "POST /dbproj/add_artist HTTP/1.1" 200 -
INFO:werkzeug:127.0.0.1 - - [10/Jun/2023 12:59:21] "POST /dbproj/add_artist HTTP/1.1" 200 -
INFO:app:
---------------------------------------------------------------
API v1.0 online: http://localhost:8080/dbproj/


INFO:werkzeug:[31m[1mWARNING: This is a development server. Do not use it in a production deployment. Use a production WSGI server instead.[0m
 * Running on http://localhost:8080
INFO:werkzeug:[33mPress CTRL+C to quit[0m
INFO:werkzeug: * Restarting with stat
INFO:app:
---------------------------------------------------------------
API v1.0 online: http://localhost:8080/dbproj/


WARNING:werkzeug: * Debugger is active!
INFO:werkzeug: * Debugger PIN: 133-639-385
INFO:app:###              DEMO: POST /user              ###
DEBUG:app:payload: {'username': 'rui', 'password': '123', 'email': 'aaa', 'name': 'rui', 'birthdate': '22/06/2003'}
INFO:app:---- new consumer registered  ----
INFO:werkzeug:127.0.0.1 - - [10/Jun/2023 14:39:50] "POST /dbproj/user HTTP/1.1" 200 -
INFO:app:
---------------------------------------------------------------
API v1.0 online: http://localhost:8080/dbproj/


INFO:werkzeug:[31m[1mWARNING: This is a development server. Do not use it in a production deployment. Use a production WSGI server instead.[0m
 * Running on http://localhost:8080
INFO:werkzeug:[33mPress CTRL+C to quit[0m
INFO:werkzeug: * Restarting with stat
INFO:app:
---------------------------------------------------------------
API v1.0 online: http://localhost:8080/dbproj/


WARNING:werkzeug: * Debugger is active!
INFO:werkzeug: * Debugger PIN: 133-639-385
INFO:app:###              DEMO: POST /user              ###
DEBUG:app:payload: {'username': 'p', 'password': '123', 'email': 'aaa', 'name': 'pedro', 'birthdate': '22/06/2003'}
INFO:app:---- new consumer registered  ----
INFO:werkzeug:127.0.0.1 - - [10/Jun/2023 15:02:28] "POST /dbproj/user HTTP/1.1" 200 -
INFO:app:
---------------------------------------------------------------
API v1.0 online: http://localhost:8080/dbproj/


INFO:werkzeug:[31m[1mWARNING: This is a development server. Do not use it in a production deployment. Use a production WSGI server instead.[0m
 * Running on http://localhost:8080
INFO:werkzeug:[33mPress CTRL+C to quit[0m
INFO:werkzeug: * Restarting with stat
INFO:app:
---------------------------------------------------------------
API v1.0 online: http://localhost:8080/dbproj/


WARNING:werkzeug: * Debugger is active!
INFO:werkzeug: * Debugger PIN: 133-639-385
INFO:app:###              DEMO: POST /user              ###
DEBUG:app:payload: {'username': 'sim', 'password': '123', 'email': 'aaa', 'name': 'pedro', 'birthdate': '22/06/2003'}
INFO:app:---- new consumer registered  ----
INFO:werkzeug:127.0.0.1 - - [10/Jun/2023 15:03:51] "POST /dbproj/user HTTP/1.1" 200 -
INFO:app:
---------------------------------------------------------------
API v1.0 online: http://localhost:8080/dbproj/


INFO:werkzeug:[31m[1mWARNING: This is a development server. Do not use it in a production deployment. Use a production WSGI server instead.[0m
 * Running on http://localhost:8080
INFO:werkzeug:[33mPress CTRL+C to quit[0m
INFO:werkzeug: * Restarting with stat
INFO:app:
---------------------------------------------------------------
API v1.0 online: http://localhost:8080/dbproj/


WARNING:werkzeug: * Debugger is active!
INFO:werkzeug: * Debugger PIN: 133-639-385
INFO:app:###              DEMO: PUT /user              ###
DEBUG:app:payload: {'username': 'mars', 'password': '123'}
INFO:werkzeug:127.0.0.1 - - [10/Jun/2023 17:40:57] "[31m[1mPUT /dbproj/user HTTP/1.1[0m" 400 -
INFO:app:###              DEMO: PUT /user              ###
DEBUG:app:payload: {'username': 'rui', 'password': '123'}
INFO:app:---- consumer logged in  ----
INFO:werkzeug:127.0.0.1 - - [10/Jun/2023 17:41:35] "PUT /dbproj/user HTTP/1.1" 200 -
INFO:app:
---------------------------------------------------------------
API v1.0 online: http://localhost:8080/dbproj/


INFO:werkzeug:[31m[1mWARNING: This is a development server. Do not use it in a production deployment. Use a production WSGI server instead.[0m
 * Running on http://localhost:8080
INFO:werkzeug:[33mPress CTRL+C to quit[0m
INFO:werkzeug: * Restarting with stat
INFO:app:
---------------------------------------------------------------
API v1.0 online: http://localhost:8080/dbproj/


WARNING:werkzeug: * Debugger is active!
INFO:werkzeug: * Debugger PIN: 133-639-385
INFO:app:
---------------------------------------------------------------
API v1.0 online: http://localhost:8080/dbproj/


INFO:werkzeug:[31m[1mWARNING: This is a development server. Do not use it in a production deployment. Use a production WSGI server instead.[0m
 * Running on http://localhost:8080
INFO:werkzeug:[33mPress CTRL+C to quit[0m
INFO:werkzeug: * Restarting with stat
INFO:app:
---------------------------------------------------------------
API v1.0 online: http://localhost:8080/dbproj/


WARNING:werkzeug: * Debugger is active!
INFO:werkzeug: * Debugger PIN: 133-639-385
INFO:app:###              DEMO: PUT /user              ###
DEBUG:app:payload: {'username': 'aaa', 'password': '123'}
INFO:app:---- artist logged in  ----
INFO:werkzeug:127.0.0.1 - - [11/Jun/2023 19:55:32] "PUT /dbproj/user HTTP/1.1" 200 -
INFO:app:###              DEMO: GET /artist_info              ###
ERROR:app:invalid input syntax for type bigint: ""
LINE 1: SELECT EXISTS (SELECT 1 FROM artist WHERE person_id = '')
                                                              ^

INFO:werkzeug:127.0.0.1 - - [11/Jun/2023 19:56:01] "[35m[1mGET /dbproj/artist_info HTTP/1.1[0m" 500 -
INFO:werkzeug: * Detected change in 'c:\\Users\\marsg\\OneDrive\\Ambiente de Trabalho\\BD\\DB_Project\\app.py', reloading
INFO:werkzeug: * Restarting with stat
INFO:app:
---------------------------------------------------------------
API v1.0 online: http://localhost:8080/dbproj/


WARNING:werkzeug: * Debugger is active!
INFO:werkzeug: * Debugger PIN: 133-639-385
INFO:app:###              DEMO: GET /artist_info              ###
INFO:werkzeug:127.0.0.1 - - [11/Jun/2023 19:57:14] "[31m[1mGET /dbproj/artist_info HTTP/1.1[0m" 400 -
INFO:app:
---------------------------------------------------------------
API v1.0 online: http://localhost:8080/dbproj/


INFO:werkzeug:[31m[1mWARNING: This is a development server. Do not use it in a production deployment. Use a production WSGI server instead.[0m
 * Running on http://localhost:8080
INFO:werkzeug:[33mPress CTRL+C to quit[0m
INFO:werkzeug: * Restarting with stat
INFO:app:
---------------------------------------------------------------
API v1.0 online: http://localhost:8080/dbproj/


WARNING:werkzeug: * Debugger is active!
INFO:werkzeug: * Debugger PIN: 133-639-385
INFO:app:###              DEMO: PUT /user              ###
DEBUG:app:payload: {'username': 'aaa', 'password': '123'}
INFO:app:---- artist logged in  ----
INFO:werkzeug:127.0.0.1 - - [11/Jun/2023 20:29:27] "PUT /dbproj/user HTTP/1.1" 200 -
INFO:app:###              DEMO: PUT /user              ###
DEBUG:app:payload: {'username': 'aaa', 'password': '123'}
INFO:app:---- artist logged in  ----
INFO:werkzeug:127.0.0.1 - - [11/Jun/2023 20:29:34] "PUT /dbproj/user HTTP/1.1" 200 -
INFO:app:###              DEMO: GET /artist_info              ###
ERROR:app:tuple indices must be integers or slices, not str
INFO:werkzeug:127.0.0.1 - - [11/Jun/2023 20:30:08] "[35m[1mGET /dbproj/artist_info/1 HTTP/1.1[0m" 500 -
INFO:app:
---------------------------------------------------------------
API v1.0 online: http://localhost:8080/dbproj/


INFO:werkzeug:[31m[1mWARNING: This is a development server. Do not use it in a production deployment. Use a production WSGI server instead.[0m
 * Running on http://localhost:8080
INFO:werkzeug:[33mPress CTRL+C to quit[0m
INFO:werkzeug: * Restarting with stat
INFO:app:
---------------------------------------------------------------
API v1.0 online: http://localhost:8080/dbproj/


WARNING:werkzeug: * Debugger is active!
INFO:werkzeug: * Debugger PIN: 133-639-385
INFO:app:
---------------------------------------------------------------
API v1.0 online: http://localhost:8080/dbproj/


INFO:werkzeug:[31m[1mWARNING: This is a development server. Do not use it in a production deployment. Use a production WSGI server instead.[0m
 * Running on http://localhost:8080
INFO:werkzeug:[33mPress CTRL+C to quit[0m
INFO:werkzeug: * Restarting with stat
INFO:app:
---------------------------------------------------------------
API v1.0 online: http://localhost:8080/dbproj/


WARNING:werkzeug: * Debugger is active!
INFO:werkzeug: * Debugger PIN: 133-639-385
INFO:app:###              DEMO: GET /artist_info              ###
INFO:werkzeug:127.0.0.1 - - [11/Jun/2023 20:38:23] "GET /dbproj/artist_info/1 HTTP/1.1" 200 -
INFO:werkzeug: * Detected change in 'c:\\Users\\marsg\\OneDrive\\Ambiente de Trabalho\\BD\\DB_Project\\app.py', reloading
INFO:werkzeug: * Restarting with stat
INFO:app:
---------------------------------------------------------------
API v1.0 online: http://localhost:8080/dbproj/


WARNING:werkzeug: * Debugger is active!
INFO:werkzeug: * Debugger PIN: 133-639-385
INFO:werkzeug: * Detected change in 'c:\\Users\\marsg\\OneDrive\\Ambiente de Trabalho\\BD\\DB_Project\\app.py', reloading
INFO:werkzeug: * Restarting with stat
INFO:app:
---------------------------------------------------------------
API v1.0 online: http://localhost:8080/dbproj/


WARNING:werkzeug: * Debugger is active!
INFO:werkzeug: * Debugger PIN: 133-639-385
INFO:werkzeug: * Detected change in 'c:\\Users\\marsg\\OneDrive\\Ambiente de Trabalho\\BD\\DB_Project\\app.py', reloading
INFO:werkzeug: * Restarting with stat
INFO:app:
---------------------------------------------------------------
API v1.0 online: http://localhost:8080/dbproj/


WARNING:werkzeug: * Debugger is active!
INFO:werkzeug: * Debugger PIN: 133-639-385
INFO:werkzeug: * Detected change in 'c:\\Users\\marsg\\OneDrive\\Ambiente de Trabalho\\BD\\DB_Project\\app.py', reloading
INFO:werkzeug: * Restarting with stat
INFO:app:
---------------------------------------------------------------
API v1.0 online: http://localhost:8080/dbproj/


WARNING:werkzeug: * Debugger is active!
INFO:werkzeug: * Debugger PIN: 133-639-385
INFO:werkzeug: * Detected change in 'c:\\Users\\marsg\\OneDrive\\Ambiente de Trabalho\\BD\\DB_Project\\app.py', reloading
INFO:werkzeug: * Restarting with stat
INFO:app:
---------------------------------------------------------------
API v1.0 online: http://localhost:8080/dbproj/


WARNING:werkzeug: * Debugger is active!
INFO:werkzeug: * Debugger PIN: 133-639-385
INFO:werkzeug: * Detected change in 'c:\\Users\\marsg\\OneDrive\\Ambiente de Trabalho\\BD\\DB_Project\\app.py', reloading
INFO:werkzeug: * Restarting with stat
INFO:app:
---------------------------------------------------------------
API v1.0 online: http://localhost:8080/dbproj/


WARNING:werkzeug: * Debugger is active!
INFO:werkzeug: * Debugger PIN: 133-639-385
INFO:werkzeug: * Detected change in 'c:\\Users\\marsg\\OneDrive\\Ambiente de Trabalho\\BD\\DB_Project\\app.py', reloading
INFO:werkzeug: * Restarting with stat
INFO:app:
---------------------------------------------------------------
API v1.0 online: http://localhost:8080/dbproj/


INFO:werkzeug:[31m[1mWARNING: This is a development server. Do not use it in a production deployment. Use a production WSGI server instead.[0m
 * Running on http://localhost:8080
INFO:werkzeug:[33mPress CTRL+C to quit[0m
INFO:werkzeug: * Restarting with stat
INFO:app:
---------------------------------------------------------------
API v1.0 online: http://localhost:8080/dbproj/


WARNING:werkzeug: * Debugger is active!
INFO:werkzeug: * Debugger PIN: 133-639-385
INFO:app:###              DEMO: POST /song              ###
DEBUG:app:payload: {'name': 'aaa', 'genre': 'Rap', 'release_date': '05/05/2010', 'duration': 210, 'publisher': 1222, 'other_artists': []}
ERROR:app:insert or update on table "song" violates foreign key constraint "song_fk1"
DETAIL:  Key (record_label_label_id)=(1222) is not present in table "record_label".

INFO:werkzeug:127.0.0.1 - - [11/Jun/2023 21:36:54] "POST /dbproj/song HTTP/1.1" 200 -
INFO:app:###              DEMO: POST /song              ###
DEBUG:app:payload: {'name': 'aaa', 'genre': 'Rap', 'release_date': '05/05/2010', 'duration': 210, 'publisher': 1, 'other_artists': []}
INFO:app:---- new song added  ----
INFO:werkzeug:127.0.0.1 - - [11/Jun/2023 21:37:19] "POST /dbproj/song HTTP/1.1" 200 -
INFO:app:###              DEMO: POST /album              ###
INFO:werkzeug:127.0.0.1 - - [11/Jun/2023 21:37:39] "[31m[1mPOST /dbproj/album HTTP/1.1[0m" 400 -
INFO:app:###              DEMO: PUT /user              ###
DEBUG:app:payload: {'username': 'aaa', 'password': '123'}
INFO:app:---- artist logged in  ----
INFO:werkzeug:127.0.0.1 - - [11/Jun/2023 21:37:55] "PUT /dbproj/user HTTP/1.1" 200 -
INFO:app:###              DEMO: POST /album              ###
DEBUG:app:payload: {'name': '', 'release_date': '', 'genre': '', 'publisher': '', 'songs': [{'name': 'Azeite no Bacalhau', 'genre': 'Rap', 'release_date': '05/05/2010', 'duration': 210, 'publisher': 1222, 'other_artists': []}, 2]}
ERROR:app:invalid input syntax for type date: ""
LINE 2:                     VALUES ('', '', '', '', 1)
                                            ^

INFO:werkzeug:127.0.0.1 - - [11/Jun/2023 21:38:12] "POST /dbproj/album HTTP/1.1" 200 -
INFO:app:###              DEMO: POST /album              ###
DEBUG:app:payload: {'name': '', 'release_date': '', 'genre': '', 'publisher': '', 'songs': [{'name': 'Azeite no Bacalhau', 'genre': 'Rap', 'release_date': '05/05/2010', 'duration': 210, 'publisher': 1222, 'other_artists': []}, 2]}
ERROR:app:invalid input syntax for type date: ""
LINE 2:                     VALUES ('', '', '', '', 1)
                                            ^

INFO:werkzeug:127.0.0.1 - - [11/Jun/2023 21:38:36] "POST /dbproj/album HTTP/1.1" 200 -
INFO:app:###              DEMO: POST /album              ###
DEBUG:app:payload: {'name': 'album bacano', 'release_date': '22/06/2003', 'genre': 'Pimba', 'publisher': '1', 'songs': [{'name': 'Azeite no Bacalhau', 'genre': 'Rap', 'release_date': '05/05/2010', 'duration': 210, 'publisher': 1222, 'other_artists': []}, 2]}
ERROR:app:insert or update on table "song" violates foreign key constraint "song_fk1"
DETAIL:  Key (record_label_label_id)=(1222) is not present in table "record_label".

INFO:werkzeug:127.0.0.1 - - [11/Jun/2023 21:39:48] "POST /dbproj/album HTTP/1.1" 200 -
INFO:app:###              DEMO: POST /album              ###
DEBUG:app:payload: {'name': 'album bacano', 'release_date': '22/06/2003', 'genre': 'Pimba', 'publisher': '1', 'songs': [{'name': 'Azeite no Bacalhau', 'genre': 'Rap', 'release_date': '05/05/2010', 'duration': 210, 'publisher': 1, 'other_artists': []}, 2]}
INFO:app:---- new song added  ----
ERROR:app:'int' object is not subscriptable
INFO:werkzeug:127.0.0.1 - - [11/Jun/2023 21:40:03] "POST /dbproj/album HTTP/1.1" 200 -
INFO:werkzeug: * Detected change in 'c:\\Users\\marsg\\OneDrive\\Ambiente de Trabalho\\BD\\DB_Project\\app.py', reloading
INFO:werkzeug: * Restarting with stat
INFO:app:
---------------------------------------------------------------
API v1.0 online: http://localhost:8080/dbproj/


INFO:werkzeug:[31m[1mWARNING: This is a development server. Do not use it in a production deployment. Use a production WSGI server instead.[0m
 * Running on http://localhost:8080
INFO:werkzeug:[33mPress CTRL+C to quit[0m
INFO:werkzeug: * Restarting with stat
INFO:app:
---------------------------------------------------------------
API v1.0 online: http://localhost:8080/dbproj/


WARNING:werkzeug: * Debugger is active!
INFO:werkzeug: * Debugger PIN: 133-639-385
INFO:app:###              DEMO: POST /album              ###
DEBUG:app:payload: {'name': 'album', 'release_date': '22/06/2003', 'genre': 'Pimba', 'publisher': '1', 'songs': [{'name': 'bbb', 'genre': 'Rap', 'release_date': '05/05/2010', 'duration': 210, 'publisher': 1, 'other_artists': []}, 2]}
INFO:app:---- new song added  ----
ERROR:app:'int' object is not subscriptable
INFO:werkzeug:127.0.0.1 - - [11/Jun/2023 21:44:41] "POST /dbproj/album HTTP/1.1" 200 -
INFO:app:
---------------------------------------------------------------
API v1.0 online: http://localhost:8080/dbproj/


INFO:werkzeug:[31m[1mWARNING: This is a development server. Do not use it in a production deployment. Use a production WSGI server instead.[0m
 * Running on http://localhost:8080
INFO:werkzeug:[33mPress CTRL+C to quit[0m
INFO:werkzeug: * Restarting with stat
INFO:app:
---------------------------------------------------------------
API v1.0 online: http://localhost:8080/dbproj/


WARNING:werkzeug: * Debugger is active!
INFO:werkzeug: * Debugger PIN: 133-639-385
INFO:app:###              DEMO: POST /album              ###
DEBUG:app:payload: {'name': 'album fixe', 'release_date': '22/06/2003', 'genre': 'Pimba', 'publisher': '1', 'songs': [{'name': 'bcb', 'genre': 'Rap', 'release_date': '05/05/2010', 'duration': 210, 'publisher': 1, 'other_artists': []}, 2]}
INFO:app:---- new song added  ----
INFO:app:---- new album added  ----
INFO:werkzeug:127.0.0.1 - - [11/Jun/2023 21:48:10] "POST /dbproj/album HTTP/1.1" 200 -
INFO:app:
---------------------------------------------------------------
API v1.0 online: http://localhost:8080/dbproj/


INFO:werkzeug:[31m[1mWARNING: This is a development server. Do not use it in a production deployment. Use a production WSGI server instead.[0m
 * Running on http://localhost:8080
INFO:werkzeug:[33mPress CTRL+C to quit[0m
INFO:werkzeug: * Restarting with stat
INFO:app:
---------------------------------------------------------------
API v1.0 online: http://localhost:8080/dbproj/


WARNING:werkzeug: * Debugger is active!
INFO:werkzeug: * Debugger PIN: 133-639-385
INFO:app:###              DEMO: GET /artist_info/1              ###
ERROR:app:column "a.artistic_name" must appear in the GROUP BY clause or be used in an aggregate function
LINE 2:             SELECT DISTINCT a.artistic_name,
                                    ^

INFO:werkzeug:127.0.0.1 - - [12/Jun/2023 14:59:53] "GET /dbproj/artist_info/1 HTTP/1.1" 200 -
INFO:werkzeug: * Detected change in 'c:\\Users\\marsg\\OneDrive\\Ambiente de Trabalho\\BD\\DB_Project\\app.py', reloading
INFO:werkzeug: * Restarting with stat
INFO:app:
---------------------------------------------------------------
API v1.0 online: http://localhost:8080/dbproj/


WARNING:werkzeug: * Debugger is active!
INFO:werkzeug: * Debugger PIN: 133-639-385
INFO:werkzeug: * Detected change in 'c:\\Users\\marsg\\OneDrive\\Ambiente de Trabalho\\BD\\DB_Project\\app.py', reloading
INFO:werkzeug: * Restarting with stat
INFO:app:
---------------------------------------------------------------
API v1.0 online: http://localhost:8080/dbproj/


WARNING:werkzeug: * Debugger is active!
INFO:werkzeug: * Debugger PIN: 133-639-385
INFO:werkzeug: * Detected change in 'c:\\Users\\marsg\\OneDrive\\Ambiente de Trabalho\\BD\\DB_Project\\app.py', reloading
INFO:werkzeug: * Restarting with stat
INFO:app:
---------------------------------------------------------------
API v1.0 online: http://localhost:8080/dbproj/


WARNING:werkzeug: * Debugger is active!
INFO:werkzeug: * Debugger PIN: 133-639-385
INFO:app:###              DEMO: GET /artist_info/1              ###
INFO:werkzeug:127.0.0.1 - - [12/Jun/2023 15:00:59] "GET /dbproj/artist_info/1 HTTP/1.1" 200 -
INFO:app:
---------------------------------------------------------------
API v1.0 online: http://localhost:8080/dbproj/


INFO:werkzeug:[31m[1mWARNING: This is a development server. Do not use it in a production deployment. Use a production WSGI server instead.[0m
 * Running on http://localhost:8080
INFO:werkzeug:[33mPress CTRL+C to quit[0m
INFO:werkzeug: * Restarting with stat
INFO:app:
---------------------------------------------------------------
API v1.0 online: http://localhost:8080/dbproj/


WARNING:werkzeug: * Debugger is active!
INFO:werkzeug: * Debugger PIN: 133-639-385
INFO:app:###              DEMO: GET /artist_info/1              ###
ERROR:app:list index out of range
INFO:werkzeug:127.0.0.1 - - [12/Jun/2023 15:04:14] "GET /dbproj/artist_info/1 HTTP/1.1" 200 -
INFO:app:
---------------------------------------------------------------
API v1.0 online: http://localhost:8080/dbproj/


INFO:werkzeug:[31m[1mWARNING: This is a development server. Do not use it in a production deployment. Use a production WSGI server instead.[0m
 * Running on http://localhost:8080
INFO:werkzeug:[33mPress CTRL+C to quit[0m
INFO:werkzeug: * Restarting with stat
INFO:app:
---------------------------------------------------------------
API v1.0 online: http://localhost:8080/dbproj/


WARNING:werkzeug: * Debugger is active!
INFO:werkzeug: * Debugger PIN: 133-639-385
INFO:app:###              DEMO: GET /artist_info/1              ###
INFO:werkzeug:127.0.0.1 - - [12/Jun/2023 15:06:36] "GET /dbproj/artist_info/1 HTTP/1.1" 200 -
INFO:app:
---------------------------------------------------------------
API v1.0 online: http://localhost:8080/dbproj/


INFO:werkzeug:[31m[1mWARNING: This is a development server. Do not use it in a production deployment. Use a production WSGI server instead.[0m
 * Running on http://localhost:8080
INFO:werkzeug:[33mPress CTRL+C to quit[0m
INFO:werkzeug: * Restarting with stat
INFO:app:
---------------------------------------------------------------
API v1.0 online: http://localhost:8080/dbproj/


WARNING:werkzeug: * Debugger is active!
INFO:werkzeug: * Debugger PIN: 133-639-385
INFO:app:###              DEMO: GET /song/2              ###
INFO:werkzeug:127.0.0.1 - - [12/Jun/2023 16:52:08] "GET /dbproj/song/2 HTTP/1.1" 200 -
INFO:app:###              DEMO: GET /song/6              ###
INFO:werkzeug:127.0.0.1 - - [12/Jun/2023 16:54:13] "GET /dbproj/song/6 HTTP/1.1" 200 -
INFO:werkzeug: * Detected change in 'c:\\Users\\marsg\\OneDrive\\Ambiente de Trabalho\\BD\\DB_Project\\app.py', reloading
INFO:werkzeug: * Restarting with stat
INFO:app:
---------------------------------------------------------------
API v1.0 online: http://localhost:8080/dbproj/


INFO:werkzeug:[31m[1mWARNING: This is a development server. Do not use it in a production deployment. Use a production WSGI server instead.[0m
 * Running on http://localhost:8080
INFO:werkzeug:[33mPress CTRL+C to quit[0m
INFO:werkzeug: * Restarting with stat
INFO:app:
---------------------------------------------------------------
API v1.0 online: http://localhost:8080/dbproj/


WARNING:werkzeug: * Debugger is active!
INFO:werkzeug: * Debugger PIN: 133-639-385
INFO:app:###              DEMO: GET /song/6              ###
INFO:werkzeug:127.0.0.1 - - [12/Jun/2023 16:57:40] "GET /dbproj/song/6 HTTP/1.1" 200 -
INFO:werkzeug: * Detected change in 'c:\\Users\\marsg\\OneDrive\\Ambiente de Trabalho\\BD\\DB_Project\\app.py', reloading
INFO:werkzeug: * Restarting with stat
INFO:app:
---------------------------------------------------------------
API v1.0 online: http://localhost:8080/dbproj/


WARNING:werkzeug: * Debugger is active!
INFO:werkzeug: * Debugger PIN: 133-639-385
INFO:app:###              DEMO: GET /song/6              ###
INFO:werkzeug:127.0.0.1 - - [12/Jun/2023 16:58:25] "GET /dbproj/song/6 HTTP/1.1" 200 -
INFO:app:
---------------------------------------------------------------
API v1.0 online: http://localhost:8080/dbproj/


INFO:werkzeug:[31m[1mWARNING: This is a development server. Do not use it in a production deployment. Use a production WSGI server instead.[0m
 * Running on http://localhost:8080
INFO:werkzeug:[33mPress CTRL+C to quit[0m
INFO:werkzeug: * Restarting with stat
INFO:app:
---------------------------------------------------------------
API v1.0 online: http://localhost:8080/dbproj/


WARNING:werkzeug: * Debugger is active!
INFO:werkzeug: * Debugger PIN: 133-639-385
INFO:app:###              DEMO: GET /song/aaa              ###
INFO:werkzeug:127.0.0.1 - - [12/Jun/2023 16:59:22] "GET /dbproj/song/aaa HTTP/1.1" 200 -
INFO:app:###              DEMO: GET /song/a              ###
INFO:werkzeug:127.0.0.1 - - [12/Jun/2023 17:02:49] "GET /dbproj/song/a HTTP/1.1" 200 -
INFO:app:###              DEMO: GET /song/a              ###
INFO:werkzeug:127.0.0.1 - - [12/Jun/2023 17:04:54] "GET /dbproj/song/a HTTP/1.1" 200 -
INFO:app:
---------------------------------------------------------------
API v1.0 online: http://localhost:8080/dbproj/


INFO:werkzeug:[31m[1mWARNING: This is a development server. Do not use it in a production deployment. Use a production WSGI server instead.[0m
 * Running on http://localhost:8080
INFO:werkzeug:[33mPress CTRL+C to quit[0m
INFO:werkzeug: * Restarting with stat
INFO:app:
---------------------------------------------------------------
API v1.0 online: http://localhost:8080/dbproj/


WARNING:werkzeug: * Debugger is active!
INFO:werkzeug: * Debugger PIN: 133-639-385
INFO:app:###              DEMO: PUT /user              ###
DEBUG:app:payload: {'username': 'mars', 'password': '123'}
INFO:app:---- administrator logged in  ----
INFO:werkzeug:127.0.0.1 - - [12/Jun/2023 22:23:31] "PUT /dbproj/user HTTP/1.1" 200 -
INFO:app:###              DEMO: POST /card              ###
INFO:werkzeug:127.0.0.1 - - [12/Jun/2023 22:24:07] "[31m[1mPOST /dbproj/card HTTP/1.1[0m" 400 -
INFO:app:###              DEMO: POST /card              ###
DEBUG:app:payload: {'number_cards': 3, 'card_price': 25}
ERROR:app:syntax error at or near "RETURNING"
LINE 1: ... (limit_date, card_price, administrator_person_id RETURNING ...
                                                             ^

INFO:werkzeug:127.0.0.1 - - [12/Jun/2023 22:24:17] "POST /dbproj/card HTTP/1.1" 200 -
INFO:app:
---------------------------------------------------------------
API v1.0 online: http://localhost:8080/dbproj/


INFO:werkzeug:[31m[1mWARNING: This is a development server. Do not use it in a production deployment. Use a production WSGI server instead.[0m
 * Running on http://localhost:8080
INFO:werkzeug:[33mPress CTRL+C to quit[0m
INFO:werkzeug: * Restarting with stat
INFO:app:
---------------------------------------------------------------
API v1.0 online: http://localhost:8080/dbproj/


WARNING:werkzeug: * Debugger is active!
INFO:werkzeug: * Debugger PIN: 133-639-385
INFO:app:###              DEMO: POST /card              ###
DEBUG:app:payload: {'number_cards': 3, 'card_price': 25}
ERROR:app:tuple index out of range
INFO:werkzeug:127.0.0.1 - - [12/Jun/2023 22:33:10] "POST /dbproj/card HTTP/1.1" 200 -
INFO:werkzeug: * Detected change in 'c:\\Users\\marsg\\OneDrive\\Ambiente de Trabalho\\BD\\DB_Project\\app.py', reloading
INFO:werkzeug: * Restarting with stat
INFO:app:
---------------------------------------------------------------
API v1.0 online: http://localhost:8080/dbproj/


INFO:werkzeug:[31m[1mWARNING: This is a development server. Do not use it in a production deployment. Use a production WSGI server instead.[0m
 * Running on http://localhost:8080
INFO:werkzeug:[33mPress CTRL+C to quit[0m
INFO:werkzeug: * Restarting with stat
INFO:app:
---------------------------------------------------------------
API v1.0 online: http://localhost:8080/dbproj/


WARNING:werkzeug: * Debugger is active!
INFO:werkzeug: * Debugger PIN: 133-639-385
INFO:app:###              DEMO: POST /card              ###
DEBUG:app:payload: {'number_cards': 3, 'card_price': 25}
ERROR:app:tuple index out of range
INFO:werkzeug:127.0.0.1 - - [12/Jun/2023 22:35:35] "POST /dbproj/card HTTP/1.1" 200 -
INFO:app:###              DEMO: POST /card              ###
DEBUG:app:payload: {'number_cards': 3, 'card_price': 25}
ERROR:app:tuple index out of range
INFO:werkzeug:127.0.0.1 - - [12/Jun/2023 22:35:39] "POST /dbproj/card HTTP/1.1" 200 -
INFO:werkzeug: * Detected change in 'c:\\Users\\marsg\\OneDrive\\Ambiente de Trabalho\\BD\\DB_Project\\app.py', reloading
INFO:werkzeug: * Restarting with stat
INFO:app:
---------------------------------------------------------------
API v1.0 online: http://localhost:8080/dbproj/


WARNING:werkzeug: * Debugger is active!
INFO:werkzeug: * Debugger PIN: 133-639-385
INFO:werkzeug: * Detected change in 'c:\\Users\\marsg\\OneDrive\\Ambiente de Trabalho\\BD\\DB_Project\\app.py', reloading
INFO:werkzeug: * Restarting with stat
INFO:app:
---------------------------------------------------------------
API v1.0 online: http://localhost:8080/dbproj/


WARNING:werkzeug: * Debugger is active!
INFO:werkzeug: * Debugger PIN: 133-639-385
INFO:werkzeug: * Detected change in 'c:\\Users\\marsg\\OneDrive\\Ambiente de Trabalho\\BD\\DB_Project\\app.py', reloading
INFO:werkzeug: * Restarting with stat
INFO:app:
---------------------------------------------------------------
API v1.0 online: http://localhost:8080/dbproj/


WARNING:werkzeug: * Debugger is active!
INFO:werkzeug: * Debugger PIN: 133-639-385
INFO:app:###              DEMO: POST /card              ###
DEBUG:app:payload: {'number_cards': 3, 'card_price': 25}
ERROR:app:tuple index out of range
INFO:werkzeug:127.0.0.1 - - [12/Jun/2023 22:37:22] "POST /dbproj/card HTTP/1.1" 200 -
INFO:werkzeug: * Detected change in 'c:\\Users\\marsg\\OneDrive\\Ambiente de Trabalho\\BD\\DB_Project\\app.py', reloading
INFO:werkzeug: * Restarting with stat
INFO:app:
---------------------------------------------------------------
API v1.0 online: http://localhost:8080/dbproj/


WARNING:werkzeug: * Debugger is active!
INFO:werkzeug: * Debugger PIN: 133-639-385
INFO:werkzeug: * Detected change in 'c:\\Users\\marsg\\OneDrive\\Ambiente de Trabalho\\BD\\DB_Project\\app.py', reloading
INFO:werkzeug: * Restarting with stat
INFO:app:
---------------------------------------------------------------
API v1.0 online: http://localhost:8080/dbproj/


WARNING:werkzeug: * Debugger is active!
INFO:werkzeug: * Debugger PIN: 133-639-385
INFO:app:
---------------------------------------------------------------
API v1.0 online: http://localhost:8080/dbproj/


INFO:werkzeug:[31m[1mWARNING: This is a development server. Do not use it in a production deployment. Use a production WSGI server instead.[0m
 * Running on http://localhost:8080
INFO:werkzeug:[33mPress CTRL+C to quit[0m
INFO:werkzeug: * Restarting with stat
INFO:app:
---------------------------------------------------------------
API v1.0 online: http://localhost:8080/dbproj/


WARNING:werkzeug: * Debugger is active!
INFO:werkzeug: * Debugger PIN: 133-639-385
INFO:app:###              DEMO: PUT /user              ###
DEBUG:app:payload: {'username': 'mars', 'password': '123'}
INFO:app:---- administrator logged in  ----
INFO:werkzeug:127.0.0.1 - - [12/Jun/2023 22:45:15] "PUT /dbproj/user HTTP/1.1" 200 -
INFO:app:###              DEMO: POST /card              ###
DEBUG:app:payload: {'number_cards': 3, 'card_price': 25}
ERROR:app:invalid input syntax for type bigint: "ADOBPM"
LINE 2:                                 VALUES ('ADOBPM', CURRENT_DA...
                                                ^

INFO:werkzeug:127.0.0.1 - - [12/Jun/2023 22:45:50] "POST /dbproj/card HTTP/1.1" 200 -
INFO:app:
---------------------------------------------------------------
API v1.0 online: http://localhost:8080/dbproj/


INFO:werkzeug:[31m[1mWARNING: This is a development server. Do not use it in a production deployment. Use a production WSGI server instead.[0m
 * Running on http://localhost:8080
INFO:werkzeug:[33mPress CTRL+C to quit[0m
INFO:werkzeug: * Restarting with stat
INFO:app:
---------------------------------------------------------------
API v1.0 online: http://localhost:8080/dbproj/


WARNING:werkzeug: * Debugger is active!
INFO:werkzeug: * Debugger PIN: 133-639-385
INFO:app:###              DEMO: PUT /user              ###
DEBUG:app:payload: {'username': 'mars', 'password': '123'}
INFO:app:---- administrator logged in  ----
INFO:werkzeug:127.0.0.1 - - [12/Jun/2023 22:50:12] "PUT /dbproj/user HTTP/1.1" 200 -
INFO:app:###              DEMO: POST /card              ###
DEBUG:app:payload: {'number_cards': 3, 'card_price': 25}
INFO:app:---- cards added ----
INFO:werkzeug:127.0.0.1 - - [12/Jun/2023 22:50:45] "POST /dbproj/card HTTP/1.1" 200 -
